android/app/build/outputs/logs/manifest-merger-debug-report.txt
-- Merging decision tree log ---
manifest
ADDED from src\main\AndroidManifest.xml:1:1-51:12
INJECTED from src\main\AndroidManifest.xml:1:1-51:12
INJECTED from src\main\AndroidManifest.xml:1:1-51:12
INJECTED from src\main\AndroidManifest.xml:1:1-51:12
MERGED from src\main\AndroidManifest.xml:1:1-51:12
MERGED from [:react-native-firebase] AndroidManifest.xml:2:1-23:12
MERGED from [androidx.multidex:multidex:2.0.0] AndroidManifest.xml:17:1-22:12
MERGED from [:lottie-react-native] AndroidManifest.xml:2:1-11:12
MERGED from [:react-native-safe-area-context] AndroidManifest.xml:2:1-9:12
MERGED from [:react-native-gesture-handler] AndroidManifest.xml:2:1-11:12
MERGED from [com.google.firebase:firebase-database:17.0.0] AndroidManifest.xml:15:1-36:12
MERGED from [com.google.firebase:firebase-firestore:19.0.0] AndroidManifest.xml:2:1-24:12
MERGED from [com.google.firebase:firebase-storage:17.0.0] AndroidManifest.xml:15:1-37:12
MERGED from [com.google.firebase:firebase-auth-interop:17.0.0] AndroidManifest.xml:2:1-10:12
MERGED from [com.google.firebase:firebase-messaging:18.0.0] AndroidManifest.xml:17:1-37:12
MERGED from [com.google.firebase:firebase-core:16.0.9] AndroidManifest.xml:2:1-9:12
MERGED from [com.google.firebase:firebase-analytics:16.5.0] AndroidManifest.xml:2:1-9:12
MERGED from [com.google.android.gms:play-services-measurement-api:16.5.0] AndroidManifest.xml:17:1-36:12
MERGED from [com.google.firebase:firebase-iid:18.0.0] AndroidManifest.xml:17:1-47:12
MERGED from [com.google.firebase:firebase-iid-interop:16.0.1] AndroidManifest.xml:2:1-10:12
MERGED from [com.google.android.gms:play-services-base:16.1.0] AndroidManifest.xml:17:1-29:12
MERGED from [me.leolin:ShortcutBadger:1.1.21] AndroidManifest.xml:2:1-52:12
MERGED from [:@react-native-community_masked-view] AndroidManifest.xml:2:1-9:12
MERGED from [:@react-native-community_voice] AndroidManifest.xml:2:1-16:12
MERGED from [:react-native-dialogflow] AndroidManifest.xml:2:1-14:12
MERGED from [:react-native-fetch-blob] AndroidManifest.xml:2:1-14:12
MERGED from [:react-native-image-picker] AndroidManifest.xml:2:1-21:12
MERGED from [:react-native-screens] AndroidManifest.xml:2:1-11:12
MERGED from [:react-native-splash-screen] AndroidManifest.xml:2:1-14:12
MERGED from [:react-native-vector-icons] AndroidManifest.xml:2:1-11:12
MERGED from [:react-native-view-pdf] AndroidManifest.xml:2:1-9:12
MERGED from [:react-native-webview] AndroidManifest.xml:2:1-23:12
MERGED from [com.facebook.react:react-native:0.61.5] AndroidManifest.xml:2:1-13:12
MERGED from [org.webkit:android-jsc:r245459] AndroidManifest.xml:2:1-11:12
MERGED from [com.airbnb.android:lottie:3.0.7] AndroidManifest.xml:2:1-11:12
MERGED from [com.google.android.material:material:1.0.0] AndroidManifest.xml:17:1-24:12
MERGED from [androidx.appcompat:appcompat:1.1.0] AndroidManifest.xml:17:1-24:12
MERGED from [com.google.firebase:firebase-common:17.0.0] AndroidManifest.xml:2:1-19:12
MERGED from [com.google.android.gms:play-services-tasks:16.0.1] AndroidManifest.xml:2:1-9:12
MERGED from [com.google.firebase:firebase-measurement-connector:17.0.1] AndroidManifest.xml:17:1-25:12
MERGED from [com.google.android.gms:play-services-measurement:16.5.0] AndroidManifest.xml:17:1-55:12
MERGED from [com.google.android.gms:play-services-measurement-sdk:16.5.0] AndroidManifest.xml:17:1-25:12
MERGED from [com.google.android.gms:play-services-measurement-impl:16.5.0] AndroidManifest.xml:17:1-40:12
MERGED from [com.google.android.gms:play-services-stats:16.0.1] AndroidManifest.xml:2:1-9:12
MERGED from [com.google.android.gms:play-services-measurement-sdk-api:16.5.0] AndroidManifest.xml:17:1-40:12
MERGED from [com.google.android.gms:play-services-measurement-base:16.5.0] AndroidManifest.xml:2:1-9:12
MERGED from [com.google.android.gms:play-services-ads-identifier:16.0.0] AndroidManifest.xml:17:1-24:12
MERGED from [com.google.android.gms:play-services-basement:16.2.0] AndroidManifest.xml:17:1-28:12
MERGED from [com.github.barteksc:android-pdf-viewer:2.8.2] AndroidManifest.xml:2:1-11:12
MERGED from [com.github.barteksc:pdfium-android:1.7.1] AndroidManifest.xml:2:1-11:12
MERGED from [androidx.legacy:legacy-support-v4:1.0.0] AndroidManifest.xml:17:1-22:12
MERGED from [com.google.firebase:firebase-database-collection:16.0.1] AndroidManifest.xml:2:1-7:12
MERGED from [com.google.firebase:protolite-well-known-types:16.0.1] AndroidManifest.xml:2:1-11:12
MERGED from [io.grpc:grpc-android:1.16.1] AndroidManifest.xml:2:1-13:12
MERGED from [com.facebook.fresco:fresco:2.0.0] AndroidManifest.xml:2:1-9:12
MERGED from [com.facebook.fresco:imagepipeline-okhttp3:2.0.0] AndroidManifest.xml:2:1-9:12
MERGED from [com.facebook.fresco:drawee:2.0.0] AndroidManifest.xml:2:1-9:12
MERGED from [com.facebook.fresco:nativeimagefilters:2.0.0] AndroidManifest.xml:2:1-9:12
MERGED from [com.facebook.fresco:imagepipeline:2.0.0] AndroidManifest.xml:2:1-9:12
MERGED from [com.facebook.fresco:nativeimagetranscoder:2.0.0] AndroidManifest.xml:2:1-9:12
MERGED from [com.facebook.fresco:imagepipeline-base:2.0.0] AndroidManifest.xml:2:1-9:12
MERGED from [com.facebook.soloader:soloader:0.6.0] AndroidManifest.xml:2:1-13:12
MERGED from [ai.api:sdk:2.0.7] AndroidManifest.xml:2:1-13:12
MERGED from [androidx.recyclerview:recyclerview:1.0.0] AndroidManifest.xml:17:1-22:12
MERGED from [androidx.legacy:legacy-support-core-ui:1.0.0] AndroidManifest.xml:17:1-22:12
MERGED from [androidx.coordinatorlayout:coordinatorlayout:1.0.0] AndroidManifest.xml:17:1-22:12
MERGED from [androidx.media:media:1.0.0] AndroidManifest.xml:17:1-22:12
MERGED from [androidx.legacy:legacy-support-core-utils:1.0.0] AndroidManifest.xml:17:1-22:12
MERGED from [androidx.fragment:fragment:1.1.0] AndroidManifest.xml:17:1-24:12
MERGED from [androidx.appcompat:appcompat-resources:1.1.0] AndroidManifest.xml:17:1-24:12
MERGED from [androidx.drawerlayout:drawerlayout:1.0.0] AndroidManifest.xml:17:1-22:12
MERGED from [androidx.viewpager:viewpager:1.0.0] AndroidManifest.xml:17:1-22:12
MERGED from [androidx.slidingpanelayout:slidingpanelayout:1.0.0] AndroidManifest.xml:17:1-22:12
MERGED from [androidx.customview:customview:1.0.0] AndroidManifest.xml:17:1-22:12
MERGED from [androidx.transition:transition:1.0.0] AndroidManifest.xml:17:1-22:12
MERGED from [androidx.loader:loader:1.0.0] AndroidManifest.xml:17:1-22:12
MERGED from [androidx.swiperefreshlayout:swiperefreshlayout:1.0.0] AndroidManifest.xml:17:1-22:12
MERGED from [androidx.asynclayoutinflater:asynclayoutinflater:1.0.0] AndroidManifest.xml:17:1-22:12
MERGED from [androidx.activity:activity:1.0.0] AndroidManifest.xml:17:1-24:12
MERGED from [androidx.vectordrawable:vectordrawable-animated:1.1.0] AndroidManifest.xml:17:1-24:12
MERGED from [androidx.vectordrawable:vectordrawable:1.1.0] AndroidManifest.xml:17:1-24:12
MERGED from [androidx.core:core:1.1.0] AndroidManifest.xml:17:1-26:12
MERGED from [com.facebook.fresco:fbcore:2.0.0] AndroidManifest.xml:2:1-9:12
MERGED from [androidx.cursoradapter:cursoradapter:1.0.0] AndroidManifest.xml:17:1-22:12
MERGED from [androidx.cardview:cardview:1.0.0] AndroidManifest.xml:17:1-22:12
MERGED from [androidx.documentfile:documentfile:1.0.0] AndroidManifest.xml:17:1-22:12
MERGED from [androidx.localbroadcastmanager:localbroadcastmanager:1.0.0] AndroidManifest.xml:17:1-22:12
MERGED from [androidx.print:print:1.0.0] AndroidManifest.xml:17:1-22:12
MERGED from [androidx.interpolator:interpolator:1.0.0] AndroidManifest.xml:17:1-22:12
MERGED from [androidx.versionedparcelable:versionedparcelable:1.1.0] AndroidManifest.xml:17:1-27:12
MERGED from [androidx.lifecycle:lifecycle-runtime:2.1.0] AndroidManifest.xml:17:1-22:12
MERGED from [androidx.lifecycle:lifecycle-viewmodel:2.1.0] AndroidManifest.xml:17:1-22:12
MERGED from [androidx.savedstate:savedstate:1.0.0] AndroidManifest.xml:17:1-24:12
MERGED from [androidx.lifecycle:lifecycle-livedata:2.0.0] AndroidManifest.xml:17:1-22:12
MERGED from [androidx.lifecycle:lifecycle-livedata-core:2.0.0] AndroidManifest.xml:17:1-22:12
MERGED from [androidx.arch.core:core-runtime:2.0.0] AndroidManifest.xml:17:1-22:12
INJECTED from src\debug\AndroidManifest.xml:2:1-8:12
INJECTED from src\debug\AndroidManifest.xml:2:1-8:12
INJECTED from src\debug\AndroidManifest.xml:2:1-8:12
	package
		ADDED from src\main\AndroidManifest.xml:2:3-24
		INJECTED from src\main\AndroidManifest.xml
		ADDED from src\main\AndroidManifest.xml:2:3-24
		INJECTED from src\debug\AndroidManifest.xml
	android:versionName
		INJECTED from src\main\AndroidManifest.xml
		ADDED from src\main\AndroidManifest.xml:1:1-51:12
		INJECTED from src\debug\AndroidManifest.xml
	xmlns:tools
		ADDED from src\debug\AndroidManifest.xml:3:5-51
	android:versionCode
		INJECTED from src\main\AndroidManifest.xml
		ADDED from src\main\AndroidManifest.xml:1:1-51:12
		INJECTED from src\debug\AndroidManifest.xml
	xmlns:android
		ADDED from src\main\AndroidManifest.xml:1:11-69
uses-permission#android.permission.INTERNET
ADDED from src\main\AndroidManifest.xml:4:5-67
MERGED from [:react-native-firebase] AndroidManifest.xml:11:5-67
MERGED from [:react-native-firebase] AndroidManifest.xml:11:5-67
MERGED from [:lottie-react-native] AndroidManifest.xml:9:5-67
MERGED from [:lottie-react-native] AndroidManifest.xml:9:5-67
MERGED from [com.google.firebase:firebase-database:17.0.0] AndroidManifest.xml:26:5-67
MERGED from [com.google.firebase:firebase-database:17.0.0] AndroidManifest.xml:26:5-67
MERGED from [com.google.firebase:firebase-firestore:19.0.0] AndroidManifest.xml:14:5-67
MERGED from [com.google.firebase:firebase-firestore:19.0.0] AndroidManifest.xml:14:5-67
MERGED from [com.google.firebase:firebase-storage:17.0.0] AndroidManifest.xml:27:5-67
MERGED from [com.google.firebase:firebase-storage:17.0.0] AndroidManifest.xml:27:5-67
MERGED from [com.google.android.gms:play-services-measurement-api:16.5.0] AndroidManifest.xml:22:5-67
MERGED from [com.google.android.gms:play-services-measurement-api:16.5.0] AndroidManifest.xml:22:5-67
MERGED from [com.google.firebase:firebase-iid:18.0.0] AndroidManifest.xml:23:5-67
MERGED from [com.google.firebase:firebase-iid:18.0.0] AndroidManifest.xml:23:5-67
MERGED from [:@react-native-community_voice] AndroidManifest.xml:14:5-67
MERGED from [:@react-native-community_voice] AndroidManifest.xml:14:5-67
MERGED from [:react-native-dialogflow] AndroidManifest.xml:12:5-67
MERGED from [:react-native-dialogflow] AndroidManifest.xml:12:5-67
MERGED from [com.google.android.gms:play-services-measurement:16.5.0] AndroidManifest.xml:23:5-67
MERGED from [com.google.android.gms:play-services-measurement:16.5.0] AndroidManifest.xml:23:5-67
MERGED from [com.google.android.gms:play-services-measurement-impl:16.5.0] AndroidManifest.xml:23:5-67
MERGED from [com.google.android.gms:play-services-measurement-impl:16.5.0] AndroidManifest.xml:23:5-67
MERGED from [com.google.android.gms:play-services-measurement-sdk-api:16.5.0] AndroidManifest.xml:23:5-67
MERGED from [com.google.android.gms:play-services-measurement-sdk-api:16.5.0] AndroidManifest.xml:23:5-67
	android:name
		ADDED from src\main\AndroidManifest.xml:4:22-64
uses-permission#android.permission.RECEIVE_BOOT_COMPLETED
ADDED from src\main\AndroidManifest.xml:5:5-81
	android:name
		ADDED from src\main\AndroidManifest.xml:5:22-78
uses-permission#android.permission.VIBRATE
ADDED from src\main\AndroidManifest.xml:6:5-66
	android:name
		ADDED from src\main\AndroidManifest.xml:6:22-63
uses-permission#android.permission.CAMERA
ADDED from src\main\AndroidManifest.xml:7:5-65
	android:name
		ADDED from src\main\AndroidManifest.xml:7:22-62
uses-permission#android.permission.WRITE_EXTERNAL_STORAGE
ADDED from src\main\AndroidManifest.xml:8:5-80
	android:name
		ADDED from src\main\AndroidManifest.xml:8:22-78
application
ADDED from src\main\AndroidManifest.xml:10:5-47:19
MERGED from src\main\AndroidManifest.xml:10:5-47:19
MERGED from src\main\AndroidManifest.xml:10:5-47:19
MERGED from [:react-native-firebase] AndroidManifest.xml:15:5-21:19
MERGED from [:react-native-firebase] AndroidManifest.xml:15:5-21:19
MERGED from [com.google.firebase:firebase-database:17.0.0] AndroidManifest.xml:28:5-34:19
MERGED from [com.google.firebase:firebase-database:17.0.0] AndroidManifest.xml:28:5-34:19
MERGED from [com.google.firebase:firebase-firestore:19.0.0] AndroidManifest.xml:16:5-22:19
MERGED from [com.google.firebase:firebase-firestore:19.0.0] AndroidManifest.xml:16:5-22:19
MERGED from [com.google.firebase:firebase-storage:17.0.0] AndroidManifest.xml:29:5-35:19
MERGED from [com.google.firebase:firebase-storage:17.0.0] AndroidManifest.xml:29:5-35:19
MERGED from [com.google.firebase:firebase-auth-interop:17.0.0] AndroidManifest.xml:7:5-8:19
MERGED from [com.google.firebase:firebase-auth-interop:17.0.0] AndroidManifest.xml:7:5-8:19
MERGED from [com.google.firebase:firebase-messaging:18.0.0] AndroidManifest.xml:22:5-35:19
MERGED from [com.google.firebase:firebase-messaging:18.0.0] AndroidManifest.xml:22:5-35:19
MERGED from [com.google.firebase:firebase-core:16.0.9] AndroidManifest.xml:7:5-20
MERGED from [com.google.firebase:firebase-core:16.0.9] AndroidManifest.xml:7:5-20
MERGED from [com.google.firebase:firebase-analytics:16.5.0] AndroidManifest.xml:7:5-20
MERGED from [com.google.firebase:firebase-analytics:16.5.0] AndroidManifest.xml:7:5-20
MERGED from [com.google.android.gms:play-services-measurement-api:16.5.0] AndroidManifest.xml:26:5-34:19
MERGED from [com.google.android.gms:play-services-measurement-api:16.5.0] AndroidManifest.xml:26:5-34:19
MERGED from [com.google.firebase:firebase-iid:18.0.0] AndroidManifest.xml:28:5-45:19
MERGED from [com.google.firebase:firebase-iid:18.0.0] AndroidManifest.xml:28:5-45:19
MERGED from [com.google.firebase:firebase-iid-interop:16.0.1] AndroidManifest.xml:7:5-8:19
MERGED from [com.google.firebase:firebase-iid-interop:16.0.1] AndroidManifest.xml:7:5-8:19
MERGED from [com.google.android.gms:play-services-base:16.1.0] AndroidManifest.xml:22:5-27:19
MERGED from [com.google.android.gms:play-services-base:16.1.0] AndroidManifest.xml:22:5-27:19
MERGED from [:react-native-fetch-blob] AndroidManifest.xml:11:5-12:19
MERGED from [:react-native-fetch-blob] AndroidManifest.xml:11:5-12:19
MERGED from [:react-native-image-picker] AndroidManifest.xml:9:5-19:19
MERGED from [:react-native-image-picker] AndroidManifest.xml:9:5-19:19
MERGED from [:react-native-splash-screen] AndroidManifest.xml:11:5-12:19
MERGED from [:react-native-splash-screen] AndroidManifest.xml:11:5-12:19
MERGED from [:react-native-webview] AndroidManifest.xml:11:5-21:19
MERGED from [:react-native-webview] AndroidManifest.xml:11:5-21:19
MERGED from [com.facebook.react:react-native:0.61.5] AndroidManifest.xml:11:5-20
MERGED from [com.facebook.react:react-native:0.61.5] AndroidManifest.xml:11:5-20
MERGED from [com.airbnb.android:lottie:3.0.7] AndroidManifest.xml:9:5-20
MERGED from [com.airbnb.android:lottie:3.0.7] AndroidManifest.xml:9:5-20
MERGED from [com.google.android.material:material:1.0.0] AndroidManifest.xml:22:5-20
MERGED from [com.google.android.material:material:1.0.0] AndroidManifest.xml:22:5-20
MERGED from [com.google.firebase:firebase-common:17.0.0] AndroidManifest.xml:11:5-17:19
MERGED from [com.google.firebase:firebase-common:17.0.0] AndroidManifest.xml:11:5-17:19
MERGED from [com.google.android.gms:play-services-tasks:16.0.1] AndroidManifest.xml:7:5-20
MERGED from [com.google.android.gms:play-services-tasks:16.0.1] AndroidManifest.xml:7:5-20
MERGED from [com.google.firebase:firebase-measurement-connector:17.0.1] AndroidManifest.xml:22:5-23:19
MERGED from [com.google.firebase:firebase-measurement-connector:17.0.1] AndroidManifest.xml:22:5-23:19
MERGED from [com.google.android.gms:play-services-measurement:16.5.0] AndroidManifest.xml:28:5-53:19
MERGED from [com.google.android.gms:play-services-measurement:16.5.0] AndroidManifest.xml:28:5-53:19
MERGED from [com.google.android.gms:play-services-measurement-sdk:16.5.0] AndroidManifest.xml:22:5-23:19
MERGED from [com.google.android.gms:play-services-measurement-sdk:16.5.0] AndroidManifest.xml:22:5-23:19
MERGED from [com.google.android.gms:play-services-measurement-impl:16.5.0] AndroidManifest.xml:28:5-38:19
MERGED from [com.google.android.gms:play-services-measurement-impl:16.5.0] AndroidManifest.xml:28:5-38:19
MERGED from [com.google.android.gms:play-services-stats:16.0.1] AndroidManifest.xml:7:5-20
MERGED from [com.google.android.gms:play-services-stats:16.0.1] AndroidManifest.xml:7:5-20
MERGED from [com.google.android.gms:play-services-measurement-sdk-api:16.5.0] AndroidManifest.xml:28:5-38:19
MERGED from [com.google.android.gms:play-services-measurement-sdk-api:16.5.0] AndroidManifest.xml:28:5-38:19
MERGED from [com.google.android.gms:play-services-measurement-base:16.5.0] AndroidManifest.xml:7:5-20
MERGED from [com.google.android.gms:play-services-measurement-base:16.5.0] AndroidManifest.xml:7:5-20
MERGED from [com.google.android.gms:play-services-ads-identifier:16.0.0] AndroidManifest.xml:22:5-20
MERGED from [com.google.android.gms:play-services-ads-identifier:16.0.0] AndroidManifest.xml:22:5-20
MERGED from [com.google.android.gms:play-services-basement:16.2.0] AndroidManifest.xml:22:5-26:19
MERGED from [com.google.android.gms:play-services-basement:16.2.0] AndroidManifest.xml:22:5-26:19
MERGED from [com.facebook.soloader:soloader:0.6.0] AndroidManifest.xml:11:5-20
MERGED from [com.facebook.soloader:soloader:0.6.0] AndroidManifest.xml:11:5-20
MERGED from [ai.api:sdk:2.0.7] AndroidManifest.xml:11:5-20
MERGED from [ai.api:sdk:2.0.7] AndroidManifest.xml:11:5-20
MERGED from [androidx.core:core:1.1.0] AndroidManifest.xml:24:5-89
MERGED from [androidx.core:core:1.1.0] AndroidManifest.xml:24:5-89
MERGED from [androidx.versionedparcelable:versionedparcelable:1.1.0] AndroidManifest.xml:24:5-25:19
MERGED from [androidx.versionedparcelable:versionedparcelable:1.1.0] AndroidManifest.xml:24:5-25:19
	android:appComponentFactory
		ADDED from [androidx.core:core:1.1.0] AndroidManifest.xml:24:18-86
	android:label
		ADDED from src\main\AndroidManifest.xml:12:7-39
		ADDED from src\main\AndroidManifest.xml:12:7-39
	tools:ignore
		ADDED from src\debug\AndroidManifest.xml:7:75-114
	android:roundIcon
		ADDED from src\main\AndroidManifest.xml:14:7-52
		ADDED from src\main\AndroidManifest.xml:14:7-52
	tools:targetApi
		ADDED from src\debug\AndroidManifest.xml:7:54-74
	android:icon
		ADDED from src\main\AndroidManifest.xml:13:7-41
		ADDED from src\main\AndroidManifest.xml:13:7-41
	android:allowBackup
		ADDED from src\main\AndroidManifest.xml:15:7-34
		ADDED from src\main\AndroidManifest.xml:15:7-34
	android:theme
		ADDED from src\main\AndroidManifest.xml:16:7-38
		ADDED from src\main\AndroidManifest.xml:16:7-38
	android:usesCleartextTraffic
		ADDED from src\debug\AndroidManifest.xml:7:18-53
	android:name
		ADDED from src\main\AndroidManifest.xml:11:7-38
		ADDED from src\main\AndroidManifest.xml:11:7-38
service#io.invertase.firebase.messaging.RNFirebaseMessagingService
ADDED from src\main\AndroidManifest.xml:19:7-23:17
	android:name
		ADDED from src\main\AndroidManifest.xml:19:16-89
intent-filter#action:name:com.google.firebase.MESSAGING_EVENT
ADDED from src\main\AndroidManifest.xml:20:9-22:25
action#com.google.firebase.MESSAGING_EVENT
ADDED from src\main\AndroidManifest.xml:21:13-74
	android:name
		ADDED from src\main\AndroidManifest.xml:21:21-71
service#io.invertase.firebase.messaging.RNFirebaseBackgroundMessagingService
ADDED from src\main\AndroidManifest.xml:25:7-102
	android:name
		ADDED from src\main\AndroidManifest.xml:25:16-99
activity#com.rogchat.SplashActivity
ADDED from src\main\AndroidManifest.xml:27:7-36:20
	android:label
		ADDED from src\main\AndroidManifest.xml:30:11-43
	android:launchMode
		ADDED from src\main\AndroidManifest.xml:31:11-42
	android:theme
		ADDED from src\main\AndroidManifest.xml:29:11-45
	android:name
		ADDED from src\main\AndroidManifest.xml:28:11-41
intent-filter#action:name:android.intent.action.MAIN+category:name:android.intent.category.LAUNCHER
ADDED from src\main\AndroidManifest.xml:32:11-35:27
action#android.intent.action.MAIN
ADDED from src\main\AndroidManifest.xml:33:15-67
	android:name
		ADDED from src\main\AndroidManifest.xml:33:23-64
category#android.intent.category.LAUNCHER
ADDED from src\main\AndroidManifest.xml:34:15-75
	android:name
		ADDED from src\main\AndroidManifest.xml:34:25-72
activity#com.rogchat.MainActivity
ADDED from src\main\AndroidManifest.xml:38:7-45:18
	android:label
		ADDED from src\main\AndroidManifest.xml:40:9-41
	android:launchMode
		ADDED from src\main\AndroidManifest.xml:42:9-40
	android:windowSoftInputMode
		ADDED from src\main\AndroidManifest.xml:43:9-51
	android:exported
		ADDED from src\main\AndroidManifest.xml:44:9-32
	android:configChanges
		ADDED from src\main\AndroidManifest.xml:41:9-79
	android:name
		ADDED from src\main\AndroidManifest.xml:39:9-37
activity#com.facebook.react.devsupport.DevSettingsActivity
ADDED from src\main\AndroidManifest.xml:46:7-84
	android:name
		ADDED from src\main\AndroidManifest.xml:46:17-81
uses-sdk
INJECTED from src\main\AndroidManifest.xml reason: use-sdk injection requested
INJECTED from src\main\AndroidManifest.xml
INJECTED from src\main\AndroidManifest.xml
MERGED from [:react-native-firebase] AndroidManifest.xml:7:5-9:41
MERGED from [:react-native-firebase] AndroidManifest.xml:7:5-9:41
MERGED from [androidx.multidex:multidex:2.0.0] AndroidManifest.xml:20:5-43
MERGED from [androidx.multidex:multidex:2.0.0] AndroidManifest.xml:20:5-43
MERGED from [:lottie-react-native] AndroidManifest.xml:5:5-7:41
MERGED from [:lottie-react-native] AndroidManifest.xml:5:5-7:41
MERGED from [:react-native-safe-area-context] AndroidManifest.xml:5:5-7:41
MERGED from [:react-native-safe-area-context] AndroidManifest.xml:5:5-7:41
MERGED from [:react-native-gesture-handler] AndroidManifest.xml:7:5-9:41
MERGED from [:react-native-gesture-handler] AndroidManifest.xml:7:5-9:41
MERGED from [com.google.firebase:firebase-database:17.0.0] AndroidManifest.xml:19:5-21:41
MERGED from [com.google.firebase:firebase-database:17.0.0] AndroidManifest.xml:19:5-21:41
MERGED from [com.google.firebase:firebase-firestore:19.0.0] AndroidManifest.xml:7:5-9:41
MERGED from [com.google.firebase:firebase-firestore:19.0.0] AndroidManifest.xml:7:5-9:41
MERGED from [com.google.firebase:firebase-storage:17.0.0] AndroidManifest.xml:20:5-22:41
MERGED from [com.google.firebase:firebase-storage:17.0.0] AndroidManifest.xml:20:5-22:41
MERGED from [com.google.firebase:firebase-auth-interop:17.0.0] AndroidManifest.xml:5:5-44
MERGED from [com.google.firebase:firebase-auth-interop:17.0.0] AndroidManifest.xml:5:5-44
MERGED from [com.google.firebase:firebase-messaging:18.0.0] AndroidManifest.xml:20:5-44
MERGED from [com.google.firebase:firebase-messaging:18.0.0] AndroidManifest.xml:20:5-44
MERGED from [com.google.firebase:firebase-core:16.0.9] AndroidManifest.xml:5:5-44
MERGED from [com.google.firebase:firebase-core:16.0.9] AndroidManifest.xml:5:5-44
MERGED from [com.google.firebase:firebase-analytics:16.5.0] AndroidManifest.xml:5:5-44
MERGED from [com.google.firebase:firebase-analytics:16.5.0] AndroidManifest.xml:5:5-44
MERGED from [com.google.android.gms:play-services-measurement-api:16.5.0] AndroidManifest.xml:20:5-44
MERGED from [com.google.android.gms:play-services-measurement-api:16.5.0] AndroidManifest.xml:20:5-44
MERGED from [com.google.firebase:firebase-iid:18.0.0] AndroidManifest.xml:20:5-44
MERGED from [com.google.firebase:firebase-iid:18.0.0] AndroidManifest.xml:20:5-44
MERGED from [com.google.firebase:firebase-iid-interop:16.0.1] AndroidManifest.xml:5:5-44
MERGED from [com.google.firebase:firebase-iid-interop:16.0.1] AndroidManifest.xml:5:5-44
MERGED from [com.google.android.gms:play-services-base:16.1.0] AndroidManifest.xml:20:5-44
MERGED from [com.google.android.gms:play-services-base:16.1.0] AndroidManifest.xml:20:5-44
MERGED from [me.leolin:ShortcutBadger:1.1.21] AndroidManifest.xml:7:5-9:41
MERGED from [me.leolin:ShortcutBadger:1.1.21] AndroidManifest.xml:7:5-9:41
MERGED from [:@react-native-community_masked-view] AndroidManifest.xml:5:5-7:41
MERGED from [:@react-native-community_masked-view] AndroidManifest.xml:5:5-7:41
MERGED from [:@react-native-community_voice] AndroidManifest.xml:8:5-11:54
MERGED from [:@react-native-community_voice] AndroidManifest.xml:8:5-11:54
MERGED from [:react-native-dialogflow] AndroidManifest.xml:7:5-9:41
MERGED from [:react-native-dialogflow] AndroidManifest.xml:7:5-9:41
MERGED from [:react-native-fetch-blob] AndroidManifest.xml:7:5-9:41
MERGED from [:react-native-fetch-blob] AndroidManifest.xml:7:5-9:41
MERGED from [:react-native-image-picker] AndroidManifest.xml:5:5-7:41
MERGED from [:react-native-image-picker] AndroidManifest.xml:5:5-7:41
MERGED from [:react-native-screens] AndroidManifest.xml:7:5-9:41
MERGED from [:react-native-screens] AndroidManifest.xml:7:5-9:41
MERGED from [:react-native-splash-screen] AndroidManifest.xml:7:5-9:41
MERGED from [:react-native-splash-screen] AndroidManifest.xml:7:5-9:41
MERGED from [:react-native-vector-icons] AndroidManifest.xml:7:5-9:41
MERGED from [:react-native-vector-icons] AndroidManifest.xml:7:5-9:41
MERGED from [:react-native-view-pdf] AndroidManifest.xml:5:5-7:41
MERGED from [:react-native-view-pdf] AndroidManifest.xml:5:5-7:41
MERGED from [:react-native-webview] AndroidManifest.xml:7:5-9:41
MERGED from [:react-native-webview] AndroidManifest.xml:7:5-9:41
MERGED from [com.facebook.react:react-native:0.61.5] AndroidManifest.xml:7:5-9:41
MERGED from [com.facebook.react:react-native:0.61.5] AndroidManifest.xml:7:5-9:41
MERGED from [org.webkit:android-jsc:r245459] AndroidManifest.xml:7:5-9:41
MERGED from [org.webkit:android-jsc:r245459] AndroidManifest.xml:7:5-9:41
MERGED from [com.airbnb.android:lottie:3.0.7] AndroidManifest.xml:5:5-7:41
MERGED from [com.airbnb.android:lottie:3.0.7] AndroidManifest.xml:5:5-7:41
MERGED from [com.google.android.material:material:1.0.0] AndroidManifest.xml:20:5-44
MERGED from [com.google.android.material:material:1.0.0] AndroidManifest.xml:20:5-44
MERGED from [androidx.appcompat:appcompat:1.1.0] AndroidManifest.xml:20:5-22:41
MERGED from [androidx.appcompat:appcompat:1.1.0] AndroidManifest.xml:20:5-22:41
MERGED from [com.google.firebase:firebase-common:17.0.0] AndroidManifest.xml:6:5-8:41
MERGED from [com.google.firebase:firebase-common:17.0.0] AndroidManifest.xml:6:5-8:41
MERGED from [com.google.android.gms:play-services-tasks:16.0.1] AndroidManifest.xml:5:5-44
MERGED from [com.google.android.gms:play-services-tasks:16.0.1] AndroidManifest.xml:5:5-44
MERGED from [com.google.firebase:firebase-measurement-connector:17.0.1] AndroidManifest.xml:20:5-44
MERGED from [com.google.firebase:firebase-measurement-connector:17.0.1] AndroidManifest.xml:20:5-44
MERGED from [com.google.android.gms:play-services-measurement:16.5.0] AndroidManifest.xml:20:5-44
MERGED from [com.google.android.gms:play-services-measurement:16.5.0] AndroidManifest.xml:20:5-44
MERGED from [com.google.android.gms:play-services-measurement-sdk:16.5.0] AndroidManifest.xml:20:5-44
MERGED from [com.google.android.gms:play-services-measurement-sdk:16.5.0] AndroidManifest.xml:20:5-44
MERGED from [com.google.android.gms:play-services-measurement-impl:16.5.0] AndroidManifest.xml:20:5-44
MERGED from [com.google.android.gms:play-services-measurement-impl:16.5.0] AndroidManifest.xml:20:5-44
MERGED from [com.google.android.gms:play-services-stats:16.0.1] AndroidManifest.xml:5:5-44
MERGED from [com.google.android.gms:play-services-stats:16.0.1] AndroidManifest.xml:5:5-44
MERGED from [com.google.android.gms:play-services-measurement-sdk-api:16.5.0] AndroidManifest.xml:20:5-44
MERGED from [com.google.android.gms:play-services-measurement-sdk-api:16.5.0] AndroidManifest.xml:20:5-44
MERGED from [com.google.android.gms:play-services-measurement-base:16.5.0] AndroidManifest.xml:5:5-44
MERGED from [com.google.android.gms:play-services-measurement-base:16.5.0] AndroidManifest.xml:5:5-44
MERGED from [com.google.android.gms:play-services-ads-identifier:16.0.0] AndroidManifest.xml:20:5-44
MERGED from [com.google.android.gms:play-services-ads-identifier:16.0.0] AndroidManifest.xml:20:5-44
MERGED from [com.google.android.gms:play-services-basement:16.2.0] AndroidManifest.xml:20:5-44
MERGED from [com.google.android.gms:play-services-basement:16.2.0] AndroidManifest.xml:20:5-44
MERGED from [com.github.barteksc:android-pdf-viewer:2.8.2] AndroidManifest.xml:7:5-9:41
MERGED from [com.github.barteksc:android-pdf-viewer:2.8.2] AndroidManifest.xml:7:5-9:41
MERGED from [com.github.barteksc:pdfium-android:1.7.1] AndroidManifest.xml:7:5-9:41
MERGED from [com.github.barteksc:pdfium-android:1.7.1] AndroidManifest.xml:7:5-9:41
MERGED from [androidx.legacy:legacy-support-v4:1.0.0] AndroidManifest.xml:20:5-44
MERGED from [androidx.legacy:legacy-support-v4:1.0.0] AndroidManifest.xml:20:5-44
MERGED from [com.google.firebase:firebase-database-collection:16.0.1] AndroidManifest.xml:5:5-44
MERGED from [com.google.firebase:firebase-database-collection:16.0.1] AndroidManifest.xml:5:5-44
MERGED from [com.google.firebase:protolite-well-known-types:16.0.1] AndroidManifest.xml:7:5-9:41
MERGED from [com.google.firebase:protolite-well-known-types:16.0.1] AndroidManifest.xml:7:5-9:41
MERGED from [io.grpc:grpc-android:1.16.1] AndroidManifest.xml:7:5-9:41
MERGED from [io.grpc:grpc-android:1.16.1] AndroidManifest.xml:7:5-9:41
MERGED from [com.facebook.fresco:fresco:2.0.0] AndroidManifest.xml:5:5-7:41
MERGED from [com.facebook.fresco:fresco:2.0.0] AndroidManifest.xml:5:5-7:41
MERGED from [com.facebook.fresco:imagepipeline-okhttp3:2.0.0] AndroidManifest.xml:5:5-7:41
MERGED from [com.facebook.fresco:imagepipeline-okhttp3:2.0.0] AndroidManifest.xml:5:5-7:41
MERGED from [com.facebook.fresco:drawee:2.0.0] AndroidManifest.xml:5:5-7:41
MERGED from [com.facebook.fresco:drawee:2.0.0] AndroidManifest.xml:5:5-7:41
MERGED from [com.facebook.fresco:nativeimagefilters:2.0.0] AndroidManifest.xml:5:5-7:41